[2022-09-13T14:49:50.630Z] Log level: Info
[2022-09-13T14:49:50.631Z] [info] Validating found git in: git
[2022-09-13T14:49:50.638Z] [info] Using git 2.37.3 from git
[2022-09-13T14:49:50.650Z] > git rev-parse --show-toplevel [2ms]
[2022-09-13T14:49:50.655Z] > git rev-parse --git-dir --git-common-dir [1ms]
[2022-09-13T14:49:50.657Z] [info] Open repository: /home/branchmanager/Blog/MyJekyllBlog
[2022-09-13T14:49:50.667Z] > git status -z -uall [6ms]
[2022-09-13T14:49:50.672Z] > git symbolic-ref --short HEAD [1ms]
[2022-09-13T14:49:50.693Z] > git for-each-ref --format=%(refname)%00%(upstream:short)%00%(objectname)%00%(upstream:track)%00%(upstream:remotename)%00%(upstream:remoteref) refs/heads/Website refs/remotes/Website [18ms]
[2022-09-13T14:49:50.705Z] > git remote --verbose [5ms]
[2022-09-13T14:49:50.706Z] > git for-each-ref --sort -committerdate --format %(refname) %(objectname) %(*objectname) [9ms]
[2022-09-13T14:49:50.713Z] > git config --get commit.template [1ms]
[2022-09-13T14:49:50.718Z] > git status -z -uall [1ms]
[2022-09-13T14:49:50.723Z] > git symbolic-ref --short HEAD [0ms]
[2022-09-13T14:49:50.729Z] > git for-each-ref --format=%(refname)%00%(upstream:short)%00%(objectname)%00%(upstream:track)%00%(upstream:remotename)%00%(upstream:remoteref) refs/heads/Website refs/remotes/Website [2ms]
[2022-09-13T14:49:50.736Z] > git for-each-ref --sort -committerdate --format %(refname) %(objectname) %(*objectname) [4ms]
[2022-09-13T14:49:50.736Z] > git remote --verbose [1ms]
[2022-09-13T14:49:50.747Z] > git config --get commit.template [7ms]
[2022-09-13T14:49:51.008Z] > git show --textconv :_authors/Noah.md [13ms]
[2022-09-13T14:49:51.008Z] > git show --textconv :_drafts/potential_post_drafts [7ms]
[2022-09-13T14:49:51.008Z] > git ls-files --stage -- /home/branchmanager/Blog/MyJekyllBlog/_authors/Noah.md [4ms]
[2022-09-13T14:49:51.013Z] > git cat-file -s f5b88a7d4f79ff019ac45a155dd7395d26747f5f [1ms]
[2022-09-13T14:49:51.013Z] > git ls-files --stage -- /home/branchmanager/Blog/MyJekyllBlog/_drafts/potential_post_drafts [5ms]
[2022-09-13T14:49:51.197Z] > git check-ignore -v -z --stdin [1ms]
[2022-09-13T15:02:06.326Z] > git show --textconv :_posts/Waybar.md [4ms]
[2022-09-13T15:02:06.327Z] > git ls-files --stage -- /home/branchmanager/Blog/MyJekyllBlog/_posts/Waybar.md [1ms]
[2022-09-13T15:02:06.332Z] > git cat-file -s 45069e64a459dd542d78945f305d365b5473e4c0 [2ms]
