[2022-09-25T19:56:55.505Z] Log level: Info
[2022-09-25T19:56:55.506Z] [info] Validating found git in: git
[2022-09-25T19:56:55.513Z] [info] Using git 2.37.3 from git
[2022-09-25T19:56:55.522Z] > git rev-parse --show-toplevel [2ms]
[2022-09-25T19:56:55.527Z] > git rev-parse --git-dir --git-common-dir [0ms]
[2022-09-25T19:56:55.529Z] [info] Open repository: /home/branchmanager/Blog/MyJekyllBlog
[2022-09-25T19:56:55.535Z] > git status -z -uall [1ms]
[2022-09-25T19:56:55.547Z] > git symbolic-ref --short HEAD [8ms]
[2022-09-25T19:56:55.553Z] > git for-each-ref --format=%(refname)%00%(upstream:short)%00%(objectname)%00%(upstream:track)%00%(upstream:remotename)%00%(upstream:remoteref) refs/heads/Website refs/remotes/Website [2ms]
[2022-09-25T19:56:55.567Z] > git remote --verbose [6ms]
[2022-09-25T19:56:55.567Z] > git for-each-ref --sort -committerdate --format %(refname) %(objectname) %(*objectname) [10ms]
[2022-09-25T19:56:55.575Z] > git config --get commit.template [2ms]
[2022-09-25T19:56:55.581Z] > git status -z -uall [1ms]
[2022-09-25T19:56:55.585Z] > git symbolic-ref --short HEAD [0ms]
[2022-09-25T19:56:55.590Z] > git for-each-ref --format=%(refname)%00%(upstream:short)%00%(objectname)%00%(upstream:track)%00%(upstream:remotename)%00%(upstream:remoteref) refs/heads/Website refs/remotes/Website [1ms]
[2022-09-25T19:56:55.601Z] > git for-each-ref --sort -committerdate --format %(refname) %(objectname) %(*objectname) [7ms]
[2022-09-25T19:56:55.602Z] > git remote --verbose [5ms]
[2022-09-25T19:56:55.609Z] > git config --get commit.template [2ms]
[2022-09-25T19:56:55.859Z] > git show --textconv :_authors/Noah.md [15ms]
[2022-09-25T19:56:55.859Z] > git show --textconv :_posts/Waybar.md [11ms]
[2022-09-25T19:56:55.859Z] > git ls-files --stage -- /home/branchmanager/Blog/MyJekyllBlog/_posts/Waybar.md [1ms]
[2022-09-25T19:56:55.864Z] > git ls-files --stage -- /home/branchmanager/Blog/MyJekyllBlog/_authors/Noah.md [11ms]
[2022-09-25T19:56:55.872Z] > git cat-file -s f5b88a7d4f79ff019ac45a155dd7395d26747f5f [3ms]
[2022-09-25T19:56:55.872Z] > git cat-file -s 45069e64a459dd542d78945f305d365b5473e4c0 [8ms]
[2022-09-25T19:56:56.070Z] > git check-ignore -v -z --stdin [1ms]
[2022-09-25T19:57:07.191Z] > git check-ignore -v -z --stdin [0ms]
[2022-09-25T20:00:26.343Z] > git show --textconv :_drafts/potential_post_drafts [5ms]
[2022-09-25T20:00:26.344Z] > git ls-files --stage -- /home/branchmanager/Blog/MyJekyllBlog/_drafts/potential_post_drafts [2ms]
[2022-09-25T20:00:47.197Z] > git check-ignore -v -z --stdin [1ms]
[2022-09-25T20:02:13.784Z] > git show --textconv :_drafts/2022-09-25_Eww_Weather.md [5ms]
[2022-09-25T20:02:13.784Z] > git ls-files --stage -- /home/branchmanager/Blog/MyJekyllBlog/_drafts/2022-09-25_Eww_Weather.md [1ms]
[2022-09-25T20:02:14.076Z] > git check-ignore -v -z --stdin [1ms]
[2022-09-25T20:02:14.594Z] > git status -z -uall [1ms]
[2022-09-25T20:02:14.601Z] > git symbolic-ref --short HEAD [1ms]
[2022-09-25T20:02:14.607Z] > git for-each-ref --format=%(refname)%00%(upstream:short)%00%(objectname)%00%(upstream:track)%00%(upstream:remotename)%00%(upstream:remoteref) refs/heads/Website refs/remotes/Website [2ms]
[2022-09-25T20:02:14.616Z] > git remote --verbose [1ms]
[2022-09-25T20:02:14.616Z] > git for-each-ref --sort -committerdate --format %(refname) %(objectname) %(*objectname) [5ms]
[2022-09-25T20:02:14.623Z] > git config --get commit.template [1ms]
[2022-09-25T20:02:30.740Z] > git status -z -uall [2ms]
[2022-09-25T20:02:30.744Z] > git symbolic-ref --short HEAD [0ms]
[2022-09-25T20:02:30.749Z] > git for-each-ref --format=%(refname)%00%(upstream:short)%00%(objectname)%00%(upstream:track)%00%(upstream:remotename)%00%(upstream:remoteref) refs/heads/Website refs/remotes/Website [1ms]
[2022-09-25T20:02:30.758Z] > git remote --verbose [1ms]
[2022-09-25T20:02:30.758Z] > git for-each-ref --sort -committerdate --format %(refname) %(objectname) %(*objectname) [5ms]
[2022-09-25T20:02:30.765Z] > git config --get commit.template [1ms]
[2022-09-25T20:02:41.827Z] > git status -z -uall [1ms]
[2022-09-25T20:02:41.831Z] > git symbolic-ref --short HEAD [0ms]
[2022-09-25T20:02:41.836Z] > git for-each-ref --format=%(refname)%00%(upstream:short)%00%(objectname)%00%(upstream:track)%00%(upstream:remotename)%00%(upstream:remoteref) refs/heads/Website refs/remotes/Website [1ms]
[2022-09-25T20:02:41.845Z] > git remote --verbose [1ms]
[2022-09-25T20:02:41.845Z] > git for-each-ref --sort -committerdate --format %(refname) %(objectname) %(*objectname) [5ms]
[2022-09-25T20:02:41.852Z] > git config --get commit.template [1ms]
[2022-09-25T20:03:21.415Z] > git show --textconv :_posts/2022-08-28-new_branch.md [4ms]
[2022-09-25T20:03:21.416Z] > git ls-files --stage -- /home/branchmanager/Blog/MyJekyllBlog/_posts/2022-08-28-new_branch.md [1ms]
[2022-09-25T20:03:21.420Z] > git cat-file -s 31cae77e264682a907f17697435dcc108008bceb [0ms]
[2022-09-25T20:03:23.985Z] > git show --textconv :_posts/2022-08-15-welcome-to-jekyll.markdown [4ms]
[2022-09-25T20:03:23.986Z] > git ls-files --stage -- /home/branchmanager/Blog/MyJekyllBlog/_posts/2022-08-15-welcome-to-jekyll.markdown [1ms]
[2022-09-25T20:03:23.990Z] > git cat-file -s b754caccf3c86f174b5bad5174a342a307525274 [0ms]
[2022-09-25T20:03:27.154Z] > git show --textconv :_posts/2022-08-15-First_Post.md [5ms]
[2022-09-25T20:03:27.155Z] > git ls-files --stage -- /home/branchmanager/Blog/MyJekyllBlog/_posts/2022-08-15-First_Post.md [1ms]
[2022-09-25T20:03:27.161Z] > git cat-file -s a93fb4cba057e6d0bc25ba5860dce3daf2038c26 [1ms]
[2022-09-25T20:03:33.220Z] > git show --textconv :_authors/Noah.md [4ms]
[2022-09-25T20:03:33.220Z] > git ls-files --stage -- /home/branchmanager/Blog/MyJekyllBlog/_authors/Noah.md [0ms]
[2022-09-25T20:03:33.224Z] > git cat-file -s f5b88a7d4f79ff019ac45a155dd7395d26747f5f [0ms]
[2022-09-25T20:03:42.708Z] > git show --textconv :_drafts/2022-09-25_Eww_Weather.md [5ms]
[2022-09-25T20:03:42.708Z] > git ls-files --stage -- /home/branchmanager/Blog/MyJekyllBlog/_drafts/2022-09-25_Eww_Weather.md [1ms]
[2022-09-25T20:09:34.630Z] > git show --textconv :_drafts/potential_post_drafts [6ms]
[2022-09-25T20:09:34.631Z] > git ls-files --stage -- /home/branchmanager/Blog/MyJekyllBlog/_drafts/potential_post_drafts [1ms]
[2022-09-25T20:10:02.179Z] > git show --textconv :_posts/2022-08-15-First_Post.md [3ms]
[2022-09-25T20:10:02.179Z] > git ls-files --stage -- /home/branchmanager/Blog/MyJekyllBlog/_posts/2022-08-15-First_Post.md [0ms]
[2022-09-25T20:10:02.184Z] > git cat-file -s a93fb4cba057e6d0bc25ba5860dce3daf2038c26 [1ms]
[2022-09-25T20:10:03.618Z] > git show --textconv :_posts/2022-08-15-welcome-to-jekyll.markdown [5ms]
[2022-09-25T20:10:03.618Z] > git ls-files --stage -- /home/branchmanager/Blog/MyJekyllBlog/_posts/2022-08-15-welcome-to-jekyll.markdown [1ms]
[2022-09-25T20:10:03.624Z] > git cat-file -s b754caccf3c86f174b5bad5174a342a307525274 [1ms]
[2022-09-25T20:10:56.853Z] > git show --textconv :_posts/2022-08-28-new_branch.md [4ms]
[2022-09-25T20:10:56.854Z] > git ls-files --stage -- /home/branchmanager/Blog/MyJekyllBlog/_posts/2022-08-28-new_branch.md [1ms]
[2022-09-25T20:10:56.858Z] > git cat-file -s 31cae77e264682a907f17697435dcc108008bceb [1ms]
[2022-09-25T20:12:26.621Z] > git show --textconv :_drafts/2022-09-25_Eww_Weather.md [5ms]
[2022-09-25T20:12:26.621Z] > git ls-files --stage -- /home/branchmanager/Blog/MyJekyllBlog/_drafts/2022-09-25_Eww_Weather.md [0ms]
