[2022-10-03T02:55:35.707Z] Log level: Info
[2022-10-03T02:55:35.709Z] [info] Validating found git in: git
[2022-10-03T02:55:35.717Z] [info] Using git 2.37.3 from git
[2022-10-03T02:55:35.729Z] > git rev-parse --show-toplevel [3ms]
[2022-10-03T02:55:35.729Z] fatal: not a git repository (or any parent up to mount point /)
Stopping at filesystem boundary (GIT_DISCOVERY_ACROSS_FILESYSTEM not set).
[2022-10-03T02:55:35.735Z] > git rev-parse --show-toplevel [1ms]
[2022-10-03T02:55:35.735Z] fatal: not a git repository (or any parent up to mount point /)
Stopping at filesystem boundary (GIT_DISCOVERY_ACROSS_FILESYSTEM not set).
[2022-10-03T02:55:35.740Z] > git rev-parse --show-toplevel [1ms]
[2022-10-03T02:55:35.740Z] fatal: not a git repository (or any parent up to mount point /)
Stopping at filesystem boundary (GIT_DISCOVERY_ACROSS_FILESYSTEM not set).
[2022-10-03T02:55:35.743Z] > git rev-parse --show-toplevel [1ms]
[2022-10-03T02:55:35.743Z] fatal: not a git repository (or any parent up to mount point /)
Stopping at filesystem boundary (GIT_DISCOVERY_ACROSS_FILESYSTEM not set).
[2022-10-03T02:55:35.821Z] > git rev-parse --show-toplevel [1ms]
[2022-10-03T02:55:35.821Z] fatal: not a git repository (or any parent up to mount point /)
Stopping at filesystem boundary (GIT_DISCOVERY_ACROSS_FILESYSTEM not set).
[2022-10-03T02:55:40.985Z] > git rev-parse --show-toplevel [1ms]
[2022-10-03T02:55:40.992Z] > git rev-parse --git-dir --git-common-dir [1ms]
[2022-10-03T02:55:41.003Z] [info] Open repository: /home/branchmanager/Blog/MyJekyllBlog
[2022-10-03T02:55:41.014Z] > git status -z -uall [2ms]
[2022-10-03T02:55:41.020Z] > git symbolic-ref --short HEAD [0ms]
[2022-10-03T02:55:41.026Z] > git for-each-ref --format=%(refname)%00%(upstream:short)%00%(objectname)%00%(upstream:track)%00%(upstream:remotename)%00%(upstream:remoteref) refs/heads/Website refs/remotes/Website [0ms]
[2022-10-03T02:55:41.042Z] > git remote --verbose [4ms]
[2022-10-03T02:55:41.042Z] > git for-each-ref --sort -committerdate --format %(refname) %(objectname) %(*objectname) [10ms]
[2022-10-03T02:55:41.053Z] > git config --get commit.template [1ms]
[2022-10-03T02:55:41.060Z] > git status -z -uall [2ms]
[2022-10-03T02:55:41.064Z] > git symbolic-ref --short HEAD [1ms]
[2022-10-03T02:55:41.068Z] > git for-each-ref --format=%(refname)%00%(upstream:short)%00%(objectname)%00%(upstream:track)%00%(upstream:remotename)%00%(upstream:remoteref) refs/heads/Website refs/remotes/Website [1ms]
[2022-10-03T02:55:41.074Z] > git for-each-ref --sort -committerdate --format %(refname) %(objectname) %(*objectname) [3ms]
[2022-10-03T02:55:41.075Z] > git remote --verbose [1ms]
[2022-10-03T02:55:41.080Z] > git config --get commit.template [1ms]
[2022-10-03T02:55:41.317Z] > git show --textconv :_data/authors.yml [4ms]
[2022-10-03T02:55:41.317Z] > git ls-files --stage -- /home/branchmanager/Blog/MyJekyllBlog/_data/authors.yml [1ms]
[2022-10-03T02:55:41.321Z] > git cat-file -s 7f54e95f00bee264ed3527cbff6a9b0fddd4e1e7 [1ms]
[2022-10-03T02:55:41.547Z] > git check-ignore -v -z --stdin [1ms]
[2022-10-03T02:55:58.947Z] > git rev-parse --show-toplevel [1ms]
[2022-10-03T02:55:58.947Z] fatal: not a git repository (or any parent up to mount point /)
Stopping at filesystem boundary (GIT_DISCOVERY_ACROSS_FILESYSTEM not set).
