[2022-10-04T03:16:40.062Z] Log level: Info
[2022-10-04T03:16:40.064Z] [info] Validating found git in: git
[2022-10-04T03:16:40.078Z] [info] Using git 2.37.3 from git
[2022-10-04T03:16:40.095Z] > git rev-parse --show-toplevel [3ms]
[2022-10-04T03:16:40.104Z] > git rev-parse --git-dir --git-common-dir [1ms]
[2022-10-04T03:16:40.110Z] [info] Open repository: /home/branchmanager
[2022-10-04T03:16:40.205Z] > git status -z -uall [89ms]
[2022-10-04T03:16:40.493Z] > git show --textconv :.config/hypr/hyprland.conf [6ms]
[2022-10-04T03:16:40.495Z] > git ls-files --stage -- /home/branchmanager/.config/hypr/hyprland.conf [3ms]
[2022-10-04T03:16:40.645Z] > git check-ignore -v -z --stdin [1ms]
[2022-10-04T03:16:43.797Z] > git symbolic-ref --short HEAD [1ms]
[2022-10-04T03:16:43.808Z] > git for-each-ref --format=%(refname)%00%(upstream:short)%00%(objectname)%00%(upstream:track)%00%(upstream:remotename)%00%(upstream:remoteref) refs/heads/master refs/remotes/master [1ms]
[2022-10-04T03:16:43.827Z] > git remote --verbose [2ms]
[2022-10-04T03:16:43.828Z] > git for-each-ref --sort -committerdate --format %(refname) %(objectname) %(*objectname) [12ms]
[2022-10-04T03:16:44.773Z] > git config --get commit.template [783ms]
[2022-10-04T03:16:44.878Z] > git status -z -uall [95ms]
[2022-10-04T03:16:44.879Z] > git symbolic-ref --short HEAD [1ms]
[2022-10-04T03:16:44.892Z] > git for-each-ref --format=%(refname)%00%(upstream:short)%00%(objectname)%00%(upstream:track)%00%(upstream:remotename)%00%(upstream:remoteref) refs/heads/master refs/remotes/master [0ms]
[2022-10-04T03:16:44.913Z] > git remote --verbose [1ms]
[2022-10-04T03:16:44.914Z] > git for-each-ref --sort -committerdate --format %(refname) %(objectname) %(*objectname) [13ms]
[2022-10-04T03:16:45.038Z] > git config --get commit.template [4ms]
[2022-10-04T03:16:52.850Z] > git show --textconv :.config/waybar/style.css [12ms]
[2022-10-04T03:16:52.850Z] > git ls-files --stage -- /home/branchmanager/.config/waybar/style.css [1ms]
[2022-10-04T03:17:11.749Z] > git show --textconv :.config/waybar/config [8ms]
[2022-10-04T03:17:11.750Z] > git ls-files --stage -- /home/branchmanager/.config/waybar/config [2ms]
[2022-10-04T03:17:46.168Z] > git show --textconv :.config/waybar/style.css [10ms]
[2022-10-04T03:17:46.169Z] > git ls-files --stage -- /home/branchmanager/.config/waybar/style.css [3ms]
[2022-10-04T03:19:09.970Z] > git show --textconv :.config/hypr/hyprland.conf [11ms]
[2022-10-04T03:19:09.970Z] > git ls-files --stage -- /home/branchmanager/.config/hypr/hyprland.conf [2ms]
[2022-10-04T03:19:21.670Z] > git show --textconv :.config/waybar/config [10ms]
[2022-10-04T03:19:21.670Z] > git ls-files --stage -- /home/branchmanager/.config/waybar/config [1ms]
