[2022-09-20T00:55:21.116Z] Log level: Info
[2022-09-20T00:55:21.117Z] [info] Validating found git in: git
[2022-09-20T00:55:21.126Z] [info] Using git 2.37.3 from git
[2022-09-20T00:55:21.138Z] > git rev-parse --show-toplevel [3ms]
[2022-09-20T00:55:21.138Z] fatal: not a git repository (or any parent up to mount point /)
Stopping at filesystem boundary (GIT_DISCOVERY_ACROSS_FILESYSTEM not set).
[2022-09-20T00:55:21.144Z] > git rev-parse --show-toplevel [0ms]
[2022-09-20T00:55:21.144Z] fatal: not a git repository (or any parent up to mount point /)
Stopping at filesystem boundary (GIT_DISCOVERY_ACROSS_FILESYSTEM not set).
[2022-09-20T00:55:21.149Z] > git rev-parse --show-toplevel [1ms]
[2022-09-20T00:55:21.149Z] fatal: not a git repository (or any parent up to mount point /)
Stopping at filesystem boundary (GIT_DISCOVERY_ACROSS_FILESYSTEM not set).
[2022-09-20T00:55:21.167Z] > git rev-parse --show-toplevel [13ms]
[2022-09-20T00:55:21.167Z] fatal: not a git repository (or any parent up to mount point /)
Stopping at filesystem boundary (GIT_DISCOVERY_ACROSS_FILESYSTEM not set).
[2022-09-20T00:55:21.178Z] > git rev-parse --show-toplevel [7ms]
[2022-09-20T00:55:21.178Z] fatal: not a git repository (or any parent up to mount point /)
Stopping at filesystem boundary (GIT_DISCOVERY_ACROSS_FILESYSTEM not set).
[2022-09-20T00:55:21.678Z] > git rev-parse --show-toplevel [0ms]
[2022-09-20T00:55:21.678Z] fatal: not a git repository (or any parent up to mount point /)
Stopping at filesystem boundary (GIT_DISCOVERY_ACROSS_FILESYSTEM not set).
[2022-09-20T00:56:23.904Z] > git rev-parse --show-toplevel [1ms]
[2022-09-20T00:56:23.904Z] fatal: not a git repository (or any parent up to mount point /)
Stopping at filesystem boundary (GIT_DISCOVERY_ACROSS_FILESYSTEM not set).
[2022-09-20T00:56:30.038Z] > git rev-parse --show-toplevel [1ms]
[2022-09-20T00:56:30.038Z] fatal: not a git repository (or any parent up to mount point /)
Stopping at filesystem boundary (GIT_DISCOVERY_ACROSS_FILESYSTEM not set).
[2022-09-20T00:56:30.043Z] > git rev-parse --show-toplevel [1ms]
[2022-09-20T00:56:30.043Z] fatal: not a git repository (or any parent up to mount point /)
Stopping at filesystem boundary (GIT_DISCOVERY_ACROSS_FILESYSTEM not set).
[2022-09-20T01:02:14.349Z] > git rev-parse --show-toplevel [0ms]
[2022-09-20T01:02:14.349Z] fatal: not a git repository (or any parent up to mount point /)
Stopping at filesystem boundary (GIT_DISCOVERY_ACROSS_FILESYSTEM not set).
[2022-09-20T01:02:14.430Z] > git rev-parse --show-toplevel [1ms]
[2022-09-20T01:02:14.430Z] fatal: not a git repository (or any parent up to mount point /)
Stopping at filesystem boundary (GIT_DISCOVERY_ACROSS_FILESYSTEM not set).
[2022-09-20T01:02:14.435Z] > git rev-parse --show-toplevel [0ms]
[2022-09-20T01:02:14.435Z] fatal: not a git repository (or any parent up to mount point /)
Stopping at filesystem boundary (GIT_DISCOVERY_ACROSS_FILESYSTEM not set).
[2022-09-20T01:07:25.793Z] > git rev-parse --show-toplevel [1ms]
[2022-09-20T01:07:25.793Z] fatal: not a git repository (or any parent up to mount point /)
Stopping at filesystem boundary (GIT_DISCOVERY_ACROSS_FILESYSTEM not set).
[2022-09-20T01:07:25.797Z] > git rev-parse --show-toplevel [1ms]
[2022-09-20T01:07:25.797Z] fatal: not a git repository (or any parent up to mount point /)
Stopping at filesystem boundary (GIT_DISCOVERY_ACROSS_FILESYSTEM not set).
[2022-09-20T01:07:25.801Z] > git rev-parse --show-toplevel [1ms]
[2022-09-20T01:07:25.801Z] fatal: not a git repository (or any parent up to mount point /)
Stopping at filesystem boundary (GIT_DISCOVERY_ACROSS_FILESYSTEM not set).
[2022-09-20T01:09:41.217Z] > git rev-parse --show-toplevel [1ms]
[2022-09-20T01:09:41.217Z] fatal: not a git repository (or any parent up to mount point /)
Stopping at filesystem boundary (GIT_DISCOVERY_ACROSS_FILESYSTEM not set).
[2022-09-20T01:09:41.222Z] > git rev-parse --show-toplevel [1ms]
[2022-09-20T01:09:41.222Z] fatal: not a git repository (or any parent up to mount point /)
Stopping at filesystem boundary (GIT_DISCOVERY_ACROSS_FILESYSTEM not set).
[2022-09-20T01:09:41.226Z] > git rev-parse --show-toplevel [0ms]
[2022-09-20T01:09:41.226Z] fatal: not a git repository (or any parent up to mount point /)
Stopping at filesystem boundary (GIT_DISCOVERY_ACROSS_FILESYSTEM not set).
[2022-09-20T01:09:43.725Z] > git rev-parse --show-toplevel [1ms]
[2022-09-20T01:09:43.725Z] fatal: not a git repository (or any parent up to mount point /)
Stopping at filesystem boundary (GIT_DISCOVERY_ACROSS_FILESYSTEM not set).
[2022-09-20T01:09:43.770Z] > git rev-parse --show-toplevel [1ms]
[2022-09-20T01:09:43.770Z] fatal: not a git repository (or any parent up to mount point /)
Stopping at filesystem boundary (GIT_DISCOVERY_ACROSS_FILESYSTEM not set).
[2022-09-20T01:09:43.775Z] > git rev-parse --show-toplevel [0ms]
[2022-09-20T01:09:43.775Z] fatal: not a git repository (or any parent up to mount point /)
Stopping at filesystem boundary (GIT_DISCOVERY_ACROSS_FILESYSTEM not set).
[2022-09-20T01:09:44.861Z] > git rev-parse --show-toplevel [1ms]
[2022-09-20T01:09:44.861Z] fatal: not a git repository (or any parent up to mount point /)
Stopping at filesystem boundary (GIT_DISCOVERY_ACROSS_FILESYSTEM not set).
[2022-09-20T01:09:44.866Z] > git rev-parse --show-toplevel [1ms]
[2022-09-20T01:09:44.866Z] fatal: not a git repository (or any parent up to mount point /)
Stopping at filesystem boundary (GIT_DISCOVERY_ACROSS_FILESYSTEM not set).
[2022-09-20T01:09:44.869Z] > git rev-parse --show-toplevel [1ms]
[2022-09-20T01:09:44.869Z] fatal: not a git repository (or any parent up to mount point /)
Stopping at filesystem boundary (GIT_DISCOVERY_ACROSS_FILESYSTEM not set).
[2022-09-20T01:10:08.605Z] > git rev-parse --show-toplevel [1ms]
[2022-09-20T01:10:08.605Z] fatal: not a git repository (or any parent up to mount point /)
Stopping at filesystem boundary (GIT_DISCOVERY_ACROSS_FILESYSTEM not set).
[2022-09-20T01:10:08.609Z] > git rev-parse --show-toplevel [0ms]
[2022-09-20T01:10:08.609Z] fatal: not a git repository (or any parent up to mount point /)
Stopping at filesystem boundary (GIT_DISCOVERY_ACROSS_FILESYSTEM not set).
[2022-09-20T01:10:08.614Z] > git rev-parse --show-toplevel [1ms]
[2022-09-20T01:10:08.614Z] fatal: not a git repository (or any parent up to mount point /)
Stopping at filesystem boundary (GIT_DISCOVERY_ACROSS_FILESYSTEM not set).
[2022-09-20T01:14:33.390Z] > git rev-parse --show-toplevel [0ms]
[2022-09-20T01:14:33.390Z] fatal: not a git repository (or any parent up to mount point /)
Stopping at filesystem boundary (GIT_DISCOVERY_ACROSS_FILESYSTEM not set).
[2022-09-20T01:14:33.395Z] > git rev-parse --show-toplevel [0ms]
[2022-09-20T01:14:33.395Z] fatal: not a git repository (or any parent up to mount point /)
Stopping at filesystem boundary (GIT_DISCOVERY_ACROSS_FILESYSTEM not set).
[2022-09-20T01:14:33.400Z] > git rev-parse --show-toplevel [1ms]
[2022-09-20T01:14:33.400Z] fatal: not a git repository (or any parent up to mount point /)
Stopping at filesystem boundary (GIT_DISCOVERY_ACROSS_FILESYSTEM not set).
[2022-09-20T01:15:53.329Z] > git rev-parse --show-toplevel [1ms]
[2022-09-20T01:15:53.329Z] fatal: not a git repository (or any parent up to mount point /)
Stopping at filesystem boundary (GIT_DISCOVERY_ACROSS_FILESYSTEM not set).
[2022-09-20T01:15:53.333Z] > git rev-parse --show-toplevel [1ms]
[2022-09-20T01:15:53.333Z] fatal: not a git repository (or any parent up to mount point /)
Stopping at filesystem boundary (GIT_DISCOVERY_ACROSS_FILESYSTEM not set).
[2022-09-20T01:15:53.336Z] > git rev-parse --show-toplevel [0ms]
[2022-09-20T01:15:53.336Z] fatal: not a git repository (or any parent up to mount point /)
Stopping at filesystem boundary (GIT_DISCOVERY_ACROSS_FILESYSTEM not set).
[2022-09-20T01:15:54.996Z] > git rev-parse --show-toplevel [1ms]
[2022-09-20T01:15:54.996Z] fatal: not a git repository (or any parent up to mount point /)
Stopping at filesystem boundary (GIT_DISCOVERY_ACROSS_FILESYSTEM not set).
[2022-09-20T01:15:55.001Z] > git rev-parse --show-toplevel [1ms]
[2022-09-20T01:15:55.001Z] fatal: not a git repository (or any parent up to mount point /)
Stopping at filesystem boundary (GIT_DISCOVERY_ACROSS_FILESYSTEM not set).
[2022-09-20T01:15:55.006Z] > git rev-parse --show-toplevel [1ms]
[2022-09-20T01:15:55.006Z] fatal: not a git repository (or any parent up to mount point /)
Stopping at filesystem boundary (GIT_DISCOVERY_ACROSS_FILESYSTEM not set).
[2022-09-20T01:15:58.593Z] > git rev-parse --show-toplevel [1ms]
[2022-09-20T01:15:58.593Z] fatal: not a git repository (or any parent up to mount point /)
Stopping at filesystem boundary (GIT_DISCOVERY_ACROSS_FILESYSTEM not set).
[2022-09-20T01:15:58.597Z] > git rev-parse --show-toplevel [0ms]
[2022-09-20T01:15:58.597Z] fatal: not a git repository (or any parent up to mount point /)
Stopping at filesystem boundary (GIT_DISCOVERY_ACROSS_FILESYSTEM not set).
[2022-09-20T01:15:58.600Z] > git rev-parse --show-toplevel [0ms]
[2022-09-20T01:15:58.600Z] fatal: not a git repository (or any parent up to mount point /)
Stopping at filesystem boundary (GIT_DISCOVERY_ACROSS_FILESYSTEM not set).
[2022-09-20T01:16:08.381Z] > git rev-parse --show-toplevel [1ms]
[2022-09-20T01:16:08.381Z] fatal: not a git repository (or any parent up to mount point /)
Stopping at filesystem boundary (GIT_DISCOVERY_ACROSS_FILESYSTEM not set).
[2022-09-20T01:16:08.384Z] > git rev-parse --show-toplevel [0ms]
[2022-09-20T01:16:08.384Z] fatal: not a git repository (or any parent up to mount point /)
Stopping at filesystem boundary (GIT_DISCOVERY_ACROSS_FILESYSTEM not set).
[2022-09-20T01:16:08.388Z] > git rev-parse --show-toplevel [1ms]
[2022-09-20T01:16:08.388Z] fatal: not a git repository (or any parent up to mount point /)
Stopping at filesystem boundary (GIT_DISCOVERY_ACROSS_FILESYSTEM not set).
[2022-09-20T01:16:33.593Z] > git rev-parse --show-toplevel [1ms]
[2022-09-20T01:16:33.593Z] fatal: not a git repository (or any parent up to mount point /)
Stopping at filesystem boundary (GIT_DISCOVERY_ACROSS_FILESYSTEM not set).
[2022-09-20T01:16:33.599Z] > git rev-parse --show-toplevel [1ms]
[2022-09-20T01:16:33.599Z] fatal: not a git repository (or any parent up to mount point /)
Stopping at filesystem boundary (GIT_DISCOVERY_ACROSS_FILESYSTEM not set).
[2022-09-20T01:16:33.603Z] > git rev-parse --show-toplevel [1ms]
[2022-09-20T01:16:33.603Z] fatal: not a git repository (or any parent up to mount point /)
Stopping at filesystem boundary (GIT_DISCOVERY_ACROSS_FILESYSTEM not set).
[2022-09-20T01:17:53.430Z] > git rev-parse --show-toplevel [0ms]
[2022-09-20T01:17:53.430Z] fatal: not a git repository (or any parent up to mount point /)
Stopping at filesystem boundary (GIT_DISCOVERY_ACROSS_FILESYSTEM not set).
[2022-09-20T01:17:53.433Z] > git rev-parse --show-toplevel [0ms]
[2022-09-20T01:17:53.433Z] fatal: not a git repository (or any parent up to mount point /)
Stopping at filesystem boundary (GIT_DISCOVERY_ACROSS_FILESYSTEM not set).
[2022-09-20T01:17:53.436Z] > git rev-parse --show-toplevel [0ms]
[2022-09-20T01:17:53.436Z] fatal: not a git repository (or any parent up to mount point /)
Stopping at filesystem boundary (GIT_DISCOVERY_ACROSS_FILESYSTEM not set).
[2022-09-20T01:17:55.641Z] > git rev-parse --show-toplevel [1ms]
[2022-09-20T01:17:55.641Z] fatal: not a git repository (or any parent up to mount point /)
Stopping at filesystem boundary (GIT_DISCOVERY_ACROSS_FILESYSTEM not set).
[2022-09-20T01:17:55.646Z] > git rev-parse --show-toplevel [1ms]
[2022-09-20T01:17:55.646Z] fatal: not a git repository (or any parent up to mount point /)
Stopping at filesystem boundary (GIT_DISCOVERY_ACROSS_FILESYSTEM not set).
[2022-09-20T01:17:55.651Z] > git rev-parse --show-toplevel [1ms]
[2022-09-20T01:17:55.651Z] fatal: not a git repository (or any parent up to mount point /)
Stopping at filesystem boundary (GIT_DISCOVERY_ACROSS_FILESYSTEM not set).
[2022-09-20T01:18:17.732Z] > git rev-parse --show-toplevel [0ms]
[2022-09-20T01:18:17.732Z] fatal: not a git repository (or any parent up to mount point /)
Stopping at filesystem boundary (GIT_DISCOVERY_ACROSS_FILESYSTEM not set).
[2022-09-20T01:18:17.736Z] > git rev-parse --show-toplevel [0ms]
[2022-09-20T01:18:17.737Z] fatal: not a git repository (or any parent up to mount point /)
Stopping at filesystem boundary (GIT_DISCOVERY_ACROSS_FILESYSTEM not set).
[2022-09-20T01:18:17.740Z] > git rev-parse --show-toplevel [0ms]
[2022-09-20T01:18:17.740Z] fatal: not a git repository (or any parent up to mount point /)
Stopping at filesystem boundary (GIT_DISCOVERY_ACROSS_FILESYSTEM not set).
[2022-09-20T01:18:55.788Z] > git rev-parse --show-toplevel [0ms]
[2022-09-20T01:18:55.788Z] fatal: not a git repository (or any parent up to mount point /)
Stopping at filesystem boundary (GIT_DISCOVERY_ACROSS_FILESYSTEM not set).
[2022-09-20T01:18:55.794Z] > git rev-parse --show-toplevel [1ms]
[2022-09-20T01:18:55.794Z] fatal: not a git repository (or any parent up to mount point /)
Stopping at filesystem boundary (GIT_DISCOVERY_ACROSS_FILESYSTEM not set).
[2022-09-20T01:18:55.799Z] > git rev-parse --show-toplevel [0ms]
[2022-09-20T01:18:55.799Z] fatal: not a git repository (or any parent up to mount point /)
Stopping at filesystem boundary (GIT_DISCOVERY_ACROSS_FILESYSTEM not set).
[2022-09-20T01:19:32.066Z] > git rev-parse --show-toplevel [1ms]
[2022-09-20T01:19:32.066Z] fatal: not a git repository (or any parent up to mount point /)
Stopping at filesystem boundary (GIT_DISCOVERY_ACROSS_FILESYSTEM not set).
[2022-09-20T01:19:32.071Z] > git rev-parse --show-toplevel [1ms]
[2022-09-20T01:19:32.071Z] fatal: not a git repository (or any parent up to mount point /)
Stopping at filesystem boundary (GIT_DISCOVERY_ACROSS_FILESYSTEM not set).
[2022-09-20T01:19:32.074Z] > git rev-parse --show-toplevel [0ms]
[2022-09-20T01:19:32.074Z] fatal: not a git repository (or any parent up to mount point /)
Stopping at filesystem boundary (GIT_DISCOVERY_ACROSS_FILESYSTEM not set).
[2022-09-20T01:28:31.606Z] > git rev-parse --show-toplevel [1ms]
[2022-09-20T01:28:31.606Z] fatal: not a git repository (or any parent up to mount point /)
Stopping at filesystem boundary (GIT_DISCOVERY_ACROSS_FILESYSTEM not set).
[2022-09-20T01:28:31.610Z] > git rev-parse --show-toplevel [1ms]
[2022-09-20T01:28:31.610Z] fatal: not a git repository (or any parent up to mount point /)
Stopping at filesystem boundary (GIT_DISCOVERY_ACROSS_FILESYSTEM not set).
[2022-09-20T01:28:31.613Z] > git rev-parse --show-toplevel [0ms]
[2022-09-20T01:28:31.614Z] fatal: not a git repository (or any parent up to mount point /)
Stopping at filesystem boundary (GIT_DISCOVERY_ACROSS_FILESYSTEM not set).
[2022-09-20T01:33:27.750Z] > git rev-parse --show-toplevel [0ms]
[2022-09-20T01:33:27.750Z] fatal: not a git repository (or any parent up to mount point /)
Stopping at filesystem boundary (GIT_DISCOVERY_ACROSS_FILESYSTEM not set).
[2022-09-20T01:33:27.755Z] > git rev-parse --show-toplevel [1ms]
[2022-09-20T01:33:27.755Z] fatal: not a git repository (or any parent up to mount point /)
Stopping at filesystem boundary (GIT_DISCOVERY_ACROSS_FILESYSTEM not set).
[2022-09-20T01:33:27.760Z] > git rev-parse --show-toplevel [0ms]
[2022-09-20T01:33:27.760Z] fatal: not a git repository (or any parent up to mount point /)
Stopping at filesystem boundary (GIT_DISCOVERY_ACROSS_FILESYSTEM not set).
[2022-09-20T01:38:36.783Z] > git rev-parse --show-toplevel [1ms]
[2022-09-20T01:38:36.783Z] fatal: not a git repository (or any parent up to mount point /)
Stopping at filesystem boundary (GIT_DISCOVERY_ACROSS_FILESYSTEM not set).
[2022-09-20T01:38:36.788Z] > git rev-parse --show-toplevel [1ms]
[2022-09-20T01:38:36.788Z] fatal: not a git repository (or any parent up to mount point /)
Stopping at filesystem boundary (GIT_DISCOVERY_ACROSS_FILESYSTEM not set).
[2022-09-20T01:38:36.792Z] > git rev-parse --show-toplevel [0ms]
[2022-09-20T01:38:36.792Z] fatal: not a git repository (or any parent up to mount point /)
Stopping at filesystem boundary (GIT_DISCOVERY_ACROSS_FILESYSTEM not set).
[2022-09-20T01:39:05.107Z] > git rev-parse --show-toplevel [0ms]
[2022-09-20T01:39:05.107Z] fatal: not a git repository (or any parent up to mount point /)
Stopping at filesystem boundary (GIT_DISCOVERY_ACROSS_FILESYSTEM not set).
[2022-09-20T01:39:05.110Z] > git rev-parse --show-toplevel [1ms]
[2022-09-20T01:39:05.110Z] fatal: not a git repository (or any parent up to mount point /)
Stopping at filesystem boundary (GIT_DISCOVERY_ACROSS_FILESYSTEM not set).
[2022-09-20T01:39:05.112Z] > git rev-parse --show-toplevel [0ms]
[2022-09-20T01:39:05.112Z] fatal: not a git repository (or any parent up to mount point /)
Stopping at filesystem boundary (GIT_DISCOVERY_ACROSS_FILESYSTEM not set).
[2022-09-20T01:39:17.504Z] > git rev-parse --show-toplevel [1ms]
[2022-09-20T01:39:17.504Z] fatal: not a git repository (or any parent up to mount point /)
Stopping at filesystem boundary (GIT_DISCOVERY_ACROSS_FILESYSTEM not set).
[2022-09-20T01:39:17.509Z] > git rev-parse --show-toplevel [1ms]
[2022-09-20T01:39:17.509Z] fatal: not a git repository (or any parent up to mount point /)
Stopping at filesystem boundary (GIT_DISCOVERY_ACROSS_FILESYSTEM not set).
[2022-09-20T01:39:17.512Z] > git rev-parse --show-toplevel [0ms]
[2022-09-20T01:39:17.512Z] fatal: not a git repository (or any parent up to mount point /)
Stopping at filesystem boundary (GIT_DISCOVERY_ACROSS_FILESYSTEM not set).
[2022-09-20T01:39:28.118Z] > git rev-parse --show-toplevel [1ms]
[2022-09-20T01:39:28.118Z] fatal: not a git repository (or any parent up to mount point /)
Stopping at filesystem boundary (GIT_DISCOVERY_ACROSS_FILESYSTEM not set).
[2022-09-20T01:39:28.122Z] > git rev-parse --show-toplevel [0ms]
[2022-09-20T01:39:28.122Z] fatal: not a git repository (or any parent up to mount point /)
Stopping at filesystem boundary (GIT_DISCOVERY_ACROSS_FILESYSTEM not set).
[2022-09-20T01:39:58.718Z] > git rev-parse --show-toplevel [0ms]
[2022-09-20T01:39:58.718Z] fatal: not a git repository (or any parent up to mount point /)
Stopping at filesystem boundary (GIT_DISCOVERY_ACROSS_FILESYSTEM not set).
[2022-09-20T01:39:58.723Z] > git rev-parse --show-toplevel [1ms]
[2022-09-20T01:39:58.723Z] fatal: not a git repository (or any parent up to mount point /)
Stopping at filesystem boundary (GIT_DISCOVERY_ACROSS_FILESYSTEM not set).
[2022-09-20T01:39:58.726Z] > git rev-parse --show-toplevel [0ms]
[2022-09-20T01:39:58.726Z] fatal: not a git repository (or any parent up to mount point /)
Stopping at filesystem boundary (GIT_DISCOVERY_ACROSS_FILESYSTEM not set).
[2022-09-20T01:40:01.609Z] > git rev-parse --show-toplevel [0ms]
[2022-09-20T01:40:01.609Z] fatal: not a git repository (or any parent up to mount point /)
Stopping at filesystem boundary (GIT_DISCOVERY_ACROSS_FILESYSTEM not set).
[2022-09-20T01:40:01.613Z] > git rev-parse --show-toplevel [0ms]
[2022-09-20T01:40:01.613Z] fatal: not a git repository (or any parent up to mount point /)
Stopping at filesystem boundary (GIT_DISCOVERY_ACROSS_FILESYSTEM not set).
[2022-09-20T01:40:01.617Z] > git rev-parse --show-toplevel [0ms]
[2022-09-20T01:40:01.617Z] fatal: not a git repository (or any parent up to mount point /)
Stopping at filesystem boundary (GIT_DISCOVERY_ACROSS_FILESYSTEM not set).
[2022-09-20T01:40:28.283Z] > git rev-parse --show-toplevel [0ms]
[2022-09-20T01:40:28.283Z] fatal: not a git repository (or any parent up to mount point /)
Stopping at filesystem boundary (GIT_DISCOVERY_ACROSS_FILESYSTEM not set).
[2022-09-20T01:40:28.288Z] > git rev-parse --show-toplevel [0ms]
[2022-09-20T01:40:28.289Z] fatal: not a git repository (or any parent up to mount point /)
Stopping at filesystem boundary (GIT_DISCOVERY_ACROSS_FILESYSTEM not set).
[2022-09-20T01:40:28.293Z] > git rev-parse --show-toplevel [0ms]
[2022-09-20T01:40:28.293Z] fatal: not a git repository (or any parent up to mount point /)
Stopping at filesystem boundary (GIT_DISCOVERY_ACROSS_FILESYSTEM not set).
[2022-09-20T01:40:50.204Z] > git rev-parse --show-toplevel [1ms]
[2022-09-20T01:40:50.204Z] fatal: not a git repository (or any parent up to mount point /)
Stopping at filesystem boundary (GIT_DISCOVERY_ACROSS_FILESYSTEM not set).
[2022-09-20T01:40:50.208Z] > git rev-parse --show-toplevel [0ms]
[2022-09-20T01:40:50.208Z] fatal: not a git repository (or any parent up to mount point /)
Stopping at filesystem boundary (GIT_DISCOVERY_ACROSS_FILESYSTEM not set).
[2022-09-20T01:41:10.536Z] > git rev-parse --show-toplevel [1ms]
[2022-09-20T01:41:10.536Z] fatal: not a git repository (or any parent up to mount point /)
Stopping at filesystem boundary (GIT_DISCOVERY_ACROSS_FILESYSTEM not set).
[2022-09-20T01:41:10.539Z] > git rev-parse --show-toplevel [0ms]
[2022-09-20T01:41:10.539Z] fatal: not a git repository (or any parent up to mount point /)
Stopping at filesystem boundary (GIT_DISCOVERY_ACROSS_FILESYSTEM not set).
[2022-09-20T01:41:10.543Z] > git rev-parse --show-toplevel [0ms]
[2022-09-20T01:41:10.543Z] fatal: not a git repository (or any parent up to mount point /)
Stopping at filesystem boundary (GIT_DISCOVERY_ACROSS_FILESYSTEM not set).
[2022-09-20T01:41:13.117Z] > git rev-parse --show-toplevel [1ms]
[2022-09-20T01:41:13.117Z] fatal: not a git repository (or any parent up to mount point /)
Stopping at filesystem boundary (GIT_DISCOVERY_ACROSS_FILESYSTEM not set).
[2022-09-20T01:41:13.121Z] > git rev-parse --show-toplevel [0ms]
[2022-09-20T01:41:13.121Z] fatal: not a git repository (or any parent up to mount point /)
Stopping at filesystem boundary (GIT_DISCOVERY_ACROSS_FILESYSTEM not set).
[2022-09-20T01:41:13.126Z] > git rev-parse --show-toplevel [1ms]
[2022-09-20T01:41:13.126Z] fatal: not a git repository (or any parent up to mount point /)
Stopping at filesystem boundary (GIT_DISCOVERY_ACROSS_FILESYSTEM not set).
[2022-09-20T01:41:13.130Z] > git rev-parse --show-toplevel [0ms]
[2022-09-20T01:41:13.130Z] fatal: not a git repository (or any parent up to mount point /)
Stopping at filesystem boundary (GIT_DISCOVERY_ACROSS_FILESYSTEM not set).
[2022-09-20T01:41:14.811Z] > git rev-parse --show-toplevel [0ms]
[2022-09-20T01:41:14.811Z] fatal: not a git repository (or any parent up to mount point /)
Stopping at filesystem boundary (GIT_DISCOVERY_ACROSS_FILESYSTEM not set).
[2022-09-20T01:41:14.816Z] > git rev-parse --show-toplevel [0ms]
[2022-09-20T01:41:14.816Z] fatal: not a git repository (or any parent up to mount point /)
Stopping at filesystem boundary (GIT_DISCOVERY_ACROSS_FILESYSTEM not set).
[2022-09-20T01:41:14.821Z] > git rev-parse --show-toplevel [1ms]
[2022-09-20T01:41:14.821Z] fatal: not a git repository (or any parent up to mount point /)
Stopping at filesystem boundary (GIT_DISCOVERY_ACROSS_FILESYSTEM not set).
[2022-09-20T01:41:16.083Z] > git rev-parse --show-toplevel [1ms]
[2022-09-20T01:41:16.083Z] fatal: not a git repository (or any parent up to mount point /)
Stopping at filesystem boundary (GIT_DISCOVERY_ACROSS_FILESYSTEM not set).
[2022-09-20T01:41:16.087Z] > git rev-parse --show-toplevel [1ms]
[2022-09-20T01:41:16.087Z] fatal: not a git repository (or any parent up to mount point /)
Stopping at filesystem boundary (GIT_DISCOVERY_ACROSS_FILESYSTEM not set).
[2022-09-20T01:45:51.474Z] > git rev-parse --show-toplevel [0ms]
[2022-09-20T01:45:51.474Z] fatal: not a git repository (or any parent up to mount point /)
Stopping at filesystem boundary (GIT_DISCOVERY_ACROSS_FILESYSTEM not set).
[2022-09-20T01:45:51.479Z] > git rev-parse --show-toplevel [0ms]
[2022-09-20T01:45:51.479Z] fatal: not a git repository (or any parent up to mount point /)
Stopping at filesystem boundary (GIT_DISCOVERY_ACROSS_FILESYSTEM not set).
[2022-09-20T01:45:51.484Z] > git rev-parse --show-toplevel [1ms]
[2022-09-20T01:45:51.484Z] fatal: not a git repository (or any parent up to mount point /)
Stopping at filesystem boundary (GIT_DISCOVERY_ACROSS_FILESYSTEM not set).
[2022-09-20T01:48:14.135Z] > git rev-parse --show-toplevel [0ms]
[2022-09-20T01:48:14.135Z] fatal: not a git repository (or any parent up to mount point /)
Stopping at filesystem boundary (GIT_DISCOVERY_ACROSS_FILESYSTEM not set).
[2022-09-20T01:48:14.140Z] > git rev-parse --show-toplevel [0ms]
[2022-09-20T01:48:14.140Z] fatal: not a git repository (or any parent up to mount point /)
Stopping at filesystem boundary (GIT_DISCOVERY_ACROSS_FILESYSTEM not set).
[2022-09-20T01:48:14.144Z] > git rev-parse --show-toplevel [1ms]
[2022-09-20T01:48:14.144Z] fatal: not a git repository (or any parent up to mount point /)
Stopping at filesystem boundary (GIT_DISCOVERY_ACROSS_FILESYSTEM not set).
[2022-09-20T01:48:18.350Z] > git rev-parse --show-toplevel [0ms]
[2022-09-20T01:48:18.350Z] fatal: not a git repository (or any parent up to mount point /)
Stopping at filesystem boundary (GIT_DISCOVERY_ACROSS_FILESYSTEM not set).
[2022-09-20T01:48:18.355Z] > git rev-parse --show-toplevel [0ms]
[2022-09-20T01:48:18.355Z] fatal: not a git repository (or any parent up to mount point /)
Stopping at filesystem boundary (GIT_DISCOVERY_ACROSS_FILESYSTEM not set).
[2022-09-20T01:48:18.360Z] > git rev-parse --show-toplevel [1ms]
[2022-09-20T01:48:18.360Z] fatal: not a git repository (or any parent up to mount point /)
Stopping at filesystem boundary (GIT_DISCOVERY_ACROSS_FILESYSTEM not set).
[2022-09-20T01:49:24.509Z] > git rev-parse --show-toplevel [1ms]
[2022-09-20T01:49:24.509Z] fatal: not a git repository (or any parent up to mount point /)
Stopping at filesystem boundary (GIT_DISCOVERY_ACROSS_FILESYSTEM not set).
[2022-09-20T01:49:24.515Z] > git rev-parse --show-toplevel [1ms]
[2022-09-20T01:49:24.515Z] fatal: not a git repository (or any parent up to mount point /)
Stopping at filesystem boundary (GIT_DISCOVERY_ACROSS_FILESYSTEM not set).
[2022-09-20T01:49:24.521Z] > git rev-parse --show-toplevel [0ms]
[2022-09-20T01:49:24.521Z] fatal: not a git repository (or any parent up to mount point /)
Stopping at filesystem boundary (GIT_DISCOVERY_ACROSS_FILESYSTEM not set).
[2022-09-20T14:00:00.016Z] > git rev-parse --show-toplevel [1ms]
[2022-09-20T14:00:00.016Z] fatal: not a git repository (or any parent up to mount point /)
Stopping at filesystem boundary (GIT_DISCOVERY_ACROSS_FILESYSTEM not set).
[2022-09-20T14:00:00.020Z] > git rev-parse --show-toplevel [1ms]
[2022-09-20T14:00:00.020Z] fatal: not a git repository (or any parent up to mount point /)
Stopping at filesystem boundary (GIT_DISCOVERY_ACROSS_FILESYSTEM not set).
[2022-09-20T14:00:00.023Z] > git rev-parse --show-toplevel [0ms]
[2022-09-20T14:00:00.023Z] fatal: not a git repository (or any parent up to mount point /)
Stopping at filesystem boundary (GIT_DISCOVERY_ACROSS_FILESYSTEM not set).
[2022-09-20T14:00:29.067Z] > git rev-parse --show-toplevel [0ms]
[2022-09-20T14:00:29.067Z] fatal: not a git repository (or any parent up to mount point /)
Stopping at filesystem boundary (GIT_DISCOVERY_ACROSS_FILESYSTEM not set).
[2022-09-20T14:00:29.072Z] > git rev-parse --show-toplevel [0ms]
[2022-09-20T14:00:29.072Z] fatal: not a git repository (or any parent up to mount point /)
Stopping at filesystem boundary (GIT_DISCOVERY_ACROSS_FILESYSTEM not set).
[2022-09-20T14:00:29.076Z] > git rev-parse --show-toplevel [0ms]
[2022-09-20T14:00:29.076Z] fatal: not a git repository (or any parent up to mount point /)
Stopping at filesystem boundary (GIT_DISCOVERY_ACROSS_FILESYSTEM not set).
[2022-09-20T14:01:33.283Z] > git rev-parse --show-toplevel [1ms]
[2022-09-20T14:01:33.283Z] fatal: not a git repository (or any parent up to mount point /)
Stopping at filesystem boundary (GIT_DISCOVERY_ACROSS_FILESYSTEM not set).
[2022-09-20T14:01:33.288Z] > git rev-parse --show-toplevel [1ms]
[2022-09-20T14:01:33.288Z] fatal: not a git repository (or any parent up to mount point /)
Stopping at filesystem boundary (GIT_DISCOVERY_ACROSS_FILESYSTEM not set).
[2022-09-20T14:01:33.291Z] > git rev-parse --show-toplevel [0ms]
[2022-09-20T14:01:33.291Z] fatal: not a git repository (or any parent up to mount point /)
Stopping at filesystem boundary (GIT_DISCOVERY_ACROSS_FILESYSTEM not set).
[2022-09-20T14:01:58.116Z] > git rev-parse --show-toplevel [1ms]
[2022-09-20T14:01:58.116Z] fatal: not a git repository (or any parent up to mount point /)
Stopping at filesystem boundary (GIT_DISCOVERY_ACROSS_FILESYSTEM not set).
[2022-09-20T14:01:58.120Z] > git rev-parse --show-toplevel [0ms]
[2022-09-20T14:01:58.120Z] fatal: not a git repository (or any parent up to mount point /)
Stopping at filesystem boundary (GIT_DISCOVERY_ACROSS_FILESYSTEM not set).
[2022-09-20T14:01:58.124Z] > git rev-parse --show-toplevel [1ms]
[2022-09-20T14:01:58.124Z] fatal: not a git repository (or any parent up to mount point /)
Stopping at filesystem boundary (GIT_DISCOVERY_ACROSS_FILESYSTEM not set).
[2022-09-20T14:02:42.709Z] > git rev-parse --show-toplevel [1ms]
[2022-09-20T14:02:42.709Z] fatal: not a git repository (or any parent up to mount point /)
Stopping at filesystem boundary (GIT_DISCOVERY_ACROSS_FILESYSTEM not set).
[2022-09-20T14:02:42.712Z] > git rev-parse --show-toplevel [1ms]
[2022-09-20T14:02:42.712Z] fatal: not a git repository (or any parent up to mount point /)
Stopping at filesystem boundary (GIT_DISCOVERY_ACROSS_FILESYSTEM not set).
[2022-09-20T14:02:42.716Z] > git rev-parse --show-toplevel [1ms]
[2022-09-20T14:02:42.716Z] fatal: not a git repository (or any parent up to mount point /)
Stopping at filesystem boundary (GIT_DISCOVERY_ACROSS_FILESYSTEM not set).
[2022-09-20T14:03:44.354Z] > git rev-parse --show-toplevel [1ms]
[2022-09-20T14:03:44.354Z] fatal: not a git repository (or any parent up to mount point /)
Stopping at filesystem boundary (GIT_DISCOVERY_ACROSS_FILESYSTEM not set).
[2022-09-20T14:03:44.359Z] > git rev-parse --show-toplevel [1ms]
[2022-09-20T14:03:44.359Z] fatal: not a git repository (or any parent up to mount point /)
Stopping at filesystem boundary (GIT_DISCOVERY_ACROSS_FILESYSTEM not set).
[2022-09-20T14:03:44.363Z] > git rev-parse --show-toplevel [1ms]
[2022-09-20T14:03:44.363Z] fatal: not a git repository (or any parent up to mount point /)
Stopping at filesystem boundary (GIT_DISCOVERY_ACROSS_FILESYSTEM not set).
[2022-09-20T17:23:28.188Z] > git rev-parse --show-toplevel [1ms]
[2022-09-20T17:23:28.188Z] fatal: not a git repository (or any parent up to mount point /)
Stopping at filesystem boundary (GIT_DISCOVERY_ACROSS_FILESYSTEM not set).
[2022-09-20T17:23:28.213Z] > git rev-parse --show-toplevel [0ms]
[2022-09-20T17:23:28.213Z] fatal: not a git repository (or any parent up to mount point /)
Stopping at filesystem boundary (GIT_DISCOVERY_ACROSS_FILESYSTEM not set).
[2022-09-20T17:23:28.217Z] > git rev-parse --show-toplevel [0ms]
[2022-09-20T17:23:28.217Z] fatal: not a git repository (or any parent up to mount point /)
Stopping at filesystem boundary (GIT_DISCOVERY_ACROSS_FILESYSTEM not set).
[2022-09-20T17:23:30.310Z] > git rev-parse --show-toplevel [0ms]
[2022-09-20T17:23:30.310Z] fatal: not a git repository (or any parent up to mount point /)
Stopping at filesystem boundary (GIT_DISCOVERY_ACROSS_FILESYSTEM not set).
[2022-09-20T17:23:30.342Z] > git rev-parse --show-toplevel [1ms]
[2022-09-20T17:23:30.342Z] fatal: not a git repository (or any parent up to mount point /)
Stopping at filesystem boundary (GIT_DISCOVERY_ACROSS_FILESYSTEM not set).
[2022-09-20T17:23:30.346Z] > git rev-parse --show-toplevel [1ms]
[2022-09-20T17:23:30.346Z] fatal: not a git repository (or any parent up to mount point /)
Stopping at filesystem boundary (GIT_DISCOVERY_ACROSS_FILESYSTEM not set).
[2022-09-20T17:23:38.881Z] > git rev-parse --show-toplevel [1ms]
[2022-09-20T17:23:38.881Z] fatal: not a git repository (or any parent up to mount point /)
Stopping at filesystem boundary (GIT_DISCOVERY_ACROSS_FILESYSTEM not set).
[2022-09-20T17:23:38.885Z] > git rev-parse --show-toplevel [0ms]
[2022-09-20T17:23:38.885Z] fatal: not a git repository (or any parent up to mount point /)
Stopping at filesystem boundary (GIT_DISCOVERY_ACROSS_FILESYSTEM not set).
[2022-09-20T17:23:38.889Z] > git rev-parse --show-toplevel [0ms]
[2022-09-20T17:23:38.889Z] fatal: not a git repository (or any parent up to mount point /)
Stopping at filesystem boundary (GIT_DISCOVERY_ACROSS_FILESYSTEM not set).
[2022-09-20T17:24:14.448Z] > git rev-parse --show-toplevel [1ms]
[2022-09-20T17:24:14.448Z] fatal: not a git repository (or any parent up to mount point /)
Stopping at filesystem boundary (GIT_DISCOVERY_ACROSS_FILESYSTEM not set).
[2022-09-20T17:24:14.452Z] > git rev-parse --show-toplevel [0ms]
[2022-09-20T17:24:14.452Z] fatal: not a git repository (or any parent up to mount point /)
Stopping at filesystem boundary (GIT_DISCOVERY_ACROSS_FILESYSTEM not set).
[2022-09-20T17:24:14.457Z] > git rev-parse --show-toplevel [1ms]
[2022-09-20T17:24:14.457Z] fatal: not a git repository (or any parent up to mount point /)
Stopping at filesystem boundary (GIT_DISCOVERY_ACROSS_FILESYSTEM not set).
[2022-09-20T17:24:21.327Z] > git rev-parse --show-toplevel [1ms]
[2022-09-20T17:24:21.327Z] fatal: not a git repository (or any parent up to mount point /)
Stopping at filesystem boundary (GIT_DISCOVERY_ACROSS_FILESYSTEM not set).
[2022-09-20T17:24:21.330Z] > git rev-parse --show-toplevel [0ms]
[2022-09-20T17:24:21.330Z] fatal: not a git repository (or any parent up to mount point /)
Stopping at filesystem boundary (GIT_DISCOVERY_ACROSS_FILESYSTEM not set).
[2022-09-20T17:24:21.334Z] > git rev-parse --show-toplevel [0ms]
[2022-09-20T17:24:21.334Z] fatal: not a git repository (or any parent up to mount point /)
Stopping at filesystem boundary (GIT_DISCOVERY_ACROSS_FILESYSTEM not set).
[2022-09-20T17:24:25.726Z] > git rev-parse --show-toplevel [1ms]
[2022-09-20T17:24:25.726Z] fatal: not a git repository (or any parent up to mount point /)
Stopping at filesystem boundary (GIT_DISCOVERY_ACROSS_FILESYSTEM not set).
[2022-09-20T17:24:25.735Z] > git rev-parse --show-toplevel [1ms]
[2022-09-20T17:24:25.735Z] fatal: not a git repository (or any parent up to mount point /)
Stopping at filesystem boundary (GIT_DISCOVERY_ACROSS_FILESYSTEM not set).
[2022-09-20T17:24:25.738Z] > git rev-parse --show-toplevel [0ms]
[2022-09-20T17:24:25.738Z] fatal: not a git repository (or any parent up to mount point /)
Stopping at filesystem boundary (GIT_DISCOVERY_ACROSS_FILESYSTEM not set).
[2022-09-20T17:24:35.717Z] > git rev-parse --show-toplevel [0ms]
[2022-09-20T17:24:35.717Z] fatal: not a git repository (or any parent up to mount point /)
Stopping at filesystem boundary (GIT_DISCOVERY_ACROSS_FILESYSTEM not set).
[2022-09-20T17:24:35.722Z] > git rev-parse --show-toplevel [0ms]
[2022-09-20T17:24:35.722Z] fatal: not a git repository (or any parent up to mount point /)
Stopping at filesystem boundary (GIT_DISCOVERY_ACROSS_FILESYSTEM not set).
[2022-09-20T17:24:35.728Z] > git rev-parse --show-toplevel [1ms]
[2022-09-20T17:24:35.728Z] fatal: not a git repository (or any parent up to mount point /)
Stopping at filesystem boundary (GIT_DISCOVERY_ACROSS_FILESYSTEM not set).
[2022-09-20T18:43:42.350Z] > git rev-parse --show-toplevel [1ms]
[2022-09-20T18:43:42.350Z] fatal: not a git repository (or any parent up to mount point /)
Stopping at filesystem boundary (GIT_DISCOVERY_ACROSS_FILESYSTEM not set).
[2022-09-20T18:43:42.377Z] > git rev-parse --show-toplevel [0ms]
[2022-09-20T18:43:42.377Z] fatal: not a git repository (or any parent up to mount point /)
Stopping at filesystem boundary (GIT_DISCOVERY_ACROSS_FILESYSTEM not set).
[2022-09-20T18:43:42.382Z] > git rev-parse --show-toplevel [0ms]
[2022-09-20T18:43:42.382Z] fatal: not a git repository (or any parent up to mount point /)
Stopping at filesystem boundary (GIT_DISCOVERY_ACROSS_FILESYSTEM not set).
[2022-09-20T18:43:44.481Z] > git rev-parse --show-toplevel [1ms]
[2022-09-20T18:43:44.481Z] fatal: not a git repository (or any parent up to mount point /)
Stopping at filesystem boundary (GIT_DISCOVERY_ACROSS_FILESYSTEM not set).
[2022-09-20T18:43:44.486Z] > git rev-parse --show-toplevel [1ms]
[2022-09-20T18:43:44.486Z] fatal: not a git repository (or any parent up to mount point /)
Stopping at filesystem boundary (GIT_DISCOVERY_ACROSS_FILESYSTEM not set).
[2022-09-20T18:43:44.490Z] > git rev-parse --show-toplevel [0ms]
[2022-09-20T18:43:44.490Z] fatal: not a git repository (or any parent up to mount point /)
Stopping at filesystem boundary (GIT_DISCOVERY_ACROSS_FILESYSTEM not set).
[2022-09-20T18:43:54.468Z] > git rev-parse --show-toplevel [1ms]
[2022-09-20T18:43:54.468Z] fatal: not a git repository (or any parent up to mount point /)
Stopping at filesystem boundary (GIT_DISCOVERY_ACROSS_FILESYSTEM not set).
[2022-09-20T18:43:54.473Z] > git rev-parse --show-toplevel [1ms]
[2022-09-20T18:43:54.473Z] fatal: not a git repository (or any parent up to mount point /)
Stopping at filesystem boundary (GIT_DISCOVERY_ACROSS_FILESYSTEM not set).
[2022-09-20T18:43:54.476Z] > git rev-parse --show-toplevel [1ms]
[2022-09-20T18:43:54.476Z] fatal: not a git repository (or any parent up to mount point /)
Stopping at filesystem boundary (GIT_DISCOVERY_ACROSS_FILESYSTEM not set).
[2022-09-20T19:03:39.461Z] > git rev-parse --show-toplevel [0ms]
[2022-09-20T19:03:39.461Z] fatal: not a git repository (or any parent up to mount point /)
Stopping at filesystem boundary (GIT_DISCOVERY_ACROSS_FILESYSTEM not set).
[2022-09-20T19:03:39.467Z] > git rev-parse --show-toplevel [0ms]
[2022-09-20T19:03:39.467Z] fatal: not a git repository (or any parent up to mount point /)
Stopping at filesystem boundary (GIT_DISCOVERY_ACROSS_FILESYSTEM not set).
[2022-09-20T19:03:39.473Z] > git rev-parse --show-toplevel [0ms]
[2022-09-20T19:03:39.473Z] fatal: not a git repository (or any parent up to mount point /)
Stopping at filesystem boundary (GIT_DISCOVERY_ACROSS_FILESYSTEM not set).
[2022-09-20T19:03:45.816Z] > git rev-parse --show-toplevel [1ms]
[2022-09-20T19:03:45.816Z] fatal: not a git repository (or any parent up to mount point /)
Stopping at filesystem boundary (GIT_DISCOVERY_ACROSS_FILESYSTEM not set).
[2022-09-20T19:03:45.820Z] > git rev-parse --show-toplevel [0ms]
[2022-09-20T19:03:45.820Z] fatal: not a git repository (or any parent up to mount point /)
Stopping at filesystem boundary (GIT_DISCOVERY_ACROSS_FILESYSTEM not set).
[2022-09-20T19:03:45.824Z] > git rev-parse --show-toplevel [0ms]
[2022-09-20T19:03:45.824Z] fatal: not a git repository (or any parent up to mount point /)
Stopping at filesystem boundary (GIT_DISCOVERY_ACROSS_FILESYSTEM not set).
[2022-09-20T19:17:32.067Z] > git rev-parse --show-toplevel [1ms]
[2022-09-20T19:17:32.067Z] fatal: not a git repository (or any parent up to mount point /)
Stopping at filesystem boundary (GIT_DISCOVERY_ACROSS_FILESYSTEM not set).
[2022-09-20T19:17:32.071Z] > git rev-parse --show-toplevel [1ms]
[2022-09-20T19:17:32.071Z] fatal: not a git repository (or any parent up to mount point /)
Stopping at filesystem boundary (GIT_DISCOVERY_ACROSS_FILESYSTEM not set).
[2022-09-20T19:17:32.075Z] > git rev-parse --show-toplevel [0ms]
[2022-09-20T19:17:32.075Z] fatal: not a git repository (or any parent up to mount point /)
Stopping at filesystem boundary (GIT_DISCOVERY_ACROSS_FILESYSTEM not set).
[2022-09-20T19:18:33.719Z] > git rev-parse --show-toplevel [1ms]
[2022-09-20T19:18:33.719Z] fatal: not a git repository (or any parent up to mount point /)
Stopping at filesystem boundary (GIT_DISCOVERY_ACROSS_FILESYSTEM not set).
[2022-09-20T19:18:33.722Z] > git rev-parse --show-toplevel [0ms]
[2022-09-20T19:18:33.722Z] fatal: not a git repository (or any parent up to mount point /)
Stopping at filesystem boundary (GIT_DISCOVERY_ACROSS_FILESYSTEM not set).
[2022-09-20T19:18:33.726Z] > git rev-parse --show-toplevel [1ms]
[2022-09-20T19:18:33.726Z] fatal: not a git repository (or any parent up to mount point /)
Stopping at filesystem boundary (GIT_DISCOVERY_ACROSS_FILESYSTEM not set).
[2022-09-20T19:18:51.354Z] > git rev-parse --show-toplevel [1ms]
[2022-09-20T19:18:51.354Z] fatal: not a git repository (or any parent up to mount point /)
Stopping at filesystem boundary (GIT_DISCOVERY_ACROSS_FILESYSTEM not set).
[2022-09-20T19:18:51.360Z] > git rev-parse --show-toplevel [1ms]
[2022-09-20T19:18:51.360Z] fatal: not a git repository (or any parent up to mount point /)
Stopping at filesystem boundary (GIT_DISCOVERY_ACROSS_FILESYSTEM not set).
[2022-09-20T19:18:51.365Z] > git rev-parse --show-toplevel [1ms]
[2022-09-20T19:18:51.365Z] fatal: not a git repository (or any parent up to mount point /)
Stopping at filesystem boundary (GIT_DISCOVERY_ACROSS_FILESYSTEM not set).
[2022-09-20T19:59:13.748Z] > git rev-parse --show-toplevel [1ms]
[2022-09-20T19:59:13.748Z] fatal: not a git repository (or any parent up to mount point /)
Stopping at filesystem boundary (GIT_DISCOVERY_ACROSS_FILESYSTEM not set).
[2022-09-20T19:59:13.753Z] > git rev-parse --show-toplevel [1ms]
[2022-09-20T19:59:13.753Z] fatal: not a git repository (or any parent up to mount point /)
Stopping at filesystem boundary (GIT_DISCOVERY_ACROSS_FILESYSTEM not set).
[2022-09-20T19:59:13.759Z] > git rev-parse --show-toplevel [1ms]
[2022-09-20T19:59:13.759Z] fatal: not a git repository (or any parent up to mount point /)
Stopping at filesystem boundary (GIT_DISCOVERY_ACROSS_FILESYSTEM not set).
[2022-09-20T20:00:55.557Z] > git rev-parse --show-toplevel [0ms]
[2022-09-20T20:00:55.557Z] fatal: not a git repository (or any parent up to mount point /)
Stopping at filesystem boundary (GIT_DISCOVERY_ACROSS_FILESYSTEM not set).
[2022-09-20T20:00:55.561Z] > git rev-parse --show-toplevel [1ms]
[2022-09-20T20:00:55.561Z] fatal: not a git repository (or any parent up to mount point /)
Stopping at filesystem boundary (GIT_DISCOVERY_ACROSS_FILESYSTEM not set).
[2022-09-20T20:00:55.565Z] > git rev-parse --show-toplevel [1ms]
[2022-09-20T20:00:55.565Z] fatal: not a git repository (or any parent up to mount point /)
Stopping at filesystem boundary (GIT_DISCOVERY_ACROSS_FILESYSTEM not set).
[2022-09-20T20:01:35.871Z] > git rev-parse --show-toplevel [1ms]
[2022-09-20T20:01:35.871Z] fatal: not a git repository (or any parent up to mount point /)
Stopping at filesystem boundary (GIT_DISCOVERY_ACROSS_FILESYSTEM not set).
[2022-09-20T20:01:35.876Z] > git rev-parse --show-toplevel [1ms]
[2022-09-20T20:01:35.876Z] fatal: not a git repository (or any parent up to mount point /)
Stopping at filesystem boundary (GIT_DISCOVERY_ACROSS_FILESYSTEM not set).
[2022-09-20T20:01:35.881Z] > git rev-parse --show-toplevel [1ms]
[2022-09-20T20:01:35.881Z] fatal: not a git repository (or any parent up to mount point /)
Stopping at filesystem boundary (GIT_DISCOVERY_ACROSS_FILESYSTEM not set).
